#
# There is insufficient memory for the Java Runtime Environment to continue.
# Native memory allocation (mmap) failed to map 17179869184 bytes for G1 virtual space
# Possible reasons:
#   The system is out of physical RAM or swap space
#   The process is running with CompressedOops enabled, and the Java Heap may be blocking the growth of the native heap
# Possible solutions:
#   Reduce memory load on the system
#   Increase physical memory or swap space
#   Check if swap backing store is full
#   Decrease Java heap size (-Xmx/-Xms)
#   Decrease number of Java threads
#   Decrease Java thread stack sizes (-Xss)
#   Set larger code cache with -XX:ReservedCodeCacheSize=
#   JVM is running with Zero Based Compressed Oops mode in which the Java heap is
#     placed in the first 32GB address space. The Java Heap base address is the
#     maximum limit for the native heap growth. Please use -XX:HeapBaseMinAddress
#     to set the Java Heap base and to place the Java Heap above 32GB virtual address.
# This output file may be truncated or incomplete.
#
#  Out of Memory Error (os_windows.cpp:3600), pid=4912, tid=8452
#
# JRE version:  (21.0.3+7) (build )
# Java VM: Java HotSpot(TM) 64-Bit Server VM (21.0.3+7-LTS-152, mixed mode, sharing, tiered, compressed oops, compressed class ptrs, g1 gc, windows-amd64)
# No core dump will be written. Minidumps are not enabled by default on client versions of Windows
#

---------------  S U M M A R Y ------------

Command Line: -XX:+UseG1GC -XX:MaxGCPauseMillis=200 -Xms16g -Xmx16g -Dfile.encoding=UTF-8 -Duser.country=DE -Duser.language=de -Duser.variant jacamo.infra.JaCaMoLauncher mas_schafherde.jcm

Host: 12th Gen Intel(R) Core(TM) i5-12400F, 12 cores, 15G,  Windows 11 , 64 bit Build 22621 (10.0.22621.3672)
Time: Wed Jun 12 16:11:24 2024 Mitteleuropäische Sommerzeit elapsed time: 0.180763 seconds (0d 0h 0m 0s)

---------------  T H R E A D  ---------------

Current thread (0x0000016189fdefa0):  JavaThread "Unknown thread" [_thread_in_vm, id=8452, stack(0x0000000100600000,0x0000000100700000) (1024K)]

Stack: [0x0000000100600000,0x0000000100700000]
Native frames: (J=compiled Java code, j=interpreted, Vv=VM code, C=native code)
V  [jvm.dll+0x6c63b9]
V  [jvm.dll+0x84fa11]
V  [jvm.dll+0x851f3e]
V  [jvm.dll+0x852613]
V  [jvm.dll+0x27cd46]
V  [jvm.dll+0x6c2b55]
V  [jvm.dll+0x6b76da]
V  [jvm.dll+0x35051a]
V  [jvm.dll+0x358176]
V  [jvm.dll+0x3aa84e]
V  [jvm.dll+0x3aaaf8]
V  [jvm.dll+0x32491c]
V  [jvm.dll+0x32547b]
V  [jvm.dll+0x818f69]
V  [jvm.dll+0x3b7771]
V  [jvm.dll+0x802358]
V  [jvm.dll+0x44c7ce]
V  [jvm.dll+0x44e2a1]
C  [jli.dll+0x52a3]
C  [ucrtbase.dll+0x29333]
C  [KERNEL32.DLL+0x1257d]
C  [ntdll.dll+0x5af28]


---------------  P R O C E S S  ---------------

Threads class SMR info:
_java_thread_list=0x00007ff93e791b88, length=0, elements={
}

Java Threads: ( => current thread )
Total: 0

Other Threads:
  0x000001618c23e780 WorkerThread "GC Thread#0"                     [id=16004, stack(0x0000000100700000,0x0000000100800000) (1024K)]
  0x00000161b7b97360 ConcurrentGCThread "G1 Main Marker"            [id=11576, stack(0x0000000100800000,0x0000000100900000) (1024K)]
  0x00000161b7b98510 WorkerThread "G1 Conc#0"                       [id=7924, stack(0x0000000100900000,0x0000000100a00000) (1024K)]

[error occurred during error reporting (printing all threads), id 0xc0000005, EXCEPTION_ACCESS_VIOLATION (0xc0000005) at pc=0x00007ff93df07077]
VM state: not at safepoint (not fully initialized)

VM Mutex/Monitor currently owned by a thread:  ([mutex/lock_event])
[0x00007ff93e802ea8] Heap_lock - owner thread: 0x0000016189fdefa0

Heap address: 0x0000000400000000, size: 16384 MB, Compressed Oops mode: Zero based, Oop shift amount: 3

CDS archive(s) mapped at: [0x0000000000000000-0x0000000000000000-0x0000000000000000), size 0, SharedBaseAddress: 0x0000000800000000, ArchiveRelocationMode: 1.
Narrow klass base: 0x0000000000000000, Narrow klass shift: 0, Narrow klass range: 0x0

GC Precious Log:
 CardTable entry size: 512
 Card Set container configuration: InlinePtr #cards 4 size 8 Array Of Cards #cards 64 size 144 Howl #buckets 8 coarsen threshold 14745 Howl Bitmap #cards 2048 size 272 coarsen threshold 1843 Card regions per heap region 1 cards per card region 16384

Heap:
 garbage-first heap   total 0K, used 0K [0x0000000400000000, 0x0000000800000000)
  region size 8192K, 0 young (0K), 0 survivors (0K)

[error occurred during error reporting (printing heap information), id 0xc0000005, EXCEPTION_ACCESS_VIOLATION (0xc0000005) at pc=0x00007ff93e2ee669]
GC Heap History (0 events):
No events

Dll operation events (1 events):
Event: 0.005 Loaded shared library C:\Program Files\Java\jdk-21.0.3\bin\java.dll

Deoptimization events (0 events):
No events

Classes loaded (0 events):
No events

Classes unloaded (0 events):
No events

Classes redefined (0 events):
No events

Internal exceptions (0 events):
No events

ZGC Phase Switch (0 events):
No events

VM Operations (0 events):
No events

Events (0 events):
No events


Dynamic libraries:
0x00007ff6def30000 - 0x00007ff6def40000 	C:\Program Files\Java\jdk-21.0.3\bin\java.exe
0x00007ff9a31f0000 - 0x00007ff9a3407000 	C:\WINDOWS\SYSTEM32\ntdll.dll
0x00007ff9a25b0000 - 0x00007ff9a2674000 	C:\WINDOWS\System32\KERNEL32.DLL
0x00007ff9a0610000 - 0x00007ff9a09bc000 	C:\WINDOWS\System32\KERNELBASE.dll
0x00007ff9a0a40000 - 0x00007ff9a0b51000 	C:\WINDOWS\System32\ucrtbase.dll
0x00007ff942e70000 - 0x00007ff942e89000 	C:\Program Files\Java\jdk-21.0.3\bin\jli.dll
0x00007ff96bcd0000 - 0x00007ff96bceb000 	C:\Program Files\Java\jdk-21.0.3\bin\VCRUNTIME140.dll
0x00007ff9a1080000 - 0x00007ff9a1132000 	C:\WINDOWS\System32\ADVAPI32.dll
0x00007ff9a2490000 - 0x00007ff9a2537000 	C:\WINDOWS\System32\msvcrt.dll
0x00007ff9a2680000 - 0x00007ff9a272a000 	C:\WINDOWS\System32\sechost.dll
0x00007ff9a0f00000 - 0x00007ff9a0f28000 	C:\WINDOWS\System32\bcrypt.dll
0x00007ff9a2a90000 - 0x00007ff9a2ba5000 	C:\WINDOWS\System32\RPCRT4.dll
0x00007ff9a2730000 - 0x00007ff9a28de000 	C:\WINDOWS\System32\USER32.dll
0x00007ff9a0520000 - 0x00007ff9a0546000 	C:\WINDOWS\System32\win32u.dll
0x00007ff984810000 - 0x00007ff984aa3000 	C:\WINDOWS\WinSxS\amd64_microsoft.windows.common-controls_6595b64144ccf1df_6.0.22621.3672_none_2713b9d173822955\COMCTL32.dll
0x00007ff9a2bc0000 - 0x00007ff9a2be9000 	C:\WINDOWS\System32\GDI32.dll
0x00007ff9a0d40000 - 0x00007ff9a0e59000 	C:\WINDOWS\System32\gdi32full.dll
0x00007ff9a0e60000 - 0x00007ff9a0efa000 	C:\WINDOWS\System32\msvcp_win.dll
0x00007ff99a150000 - 0x00007ff99a15a000 	C:\WINDOWS\SYSTEM32\VERSION.dll
0x00007ff9a1ab0000 - 0x00007ff9a1ae1000 	C:\WINDOWS\System32\IMM32.DLL
0x00007ff980350000 - 0x00007ff98035c000 	C:\Program Files\Java\jdk-21.0.3\bin\vcruntime140_1.dll
0x00007ff9417f0000 - 0x00007ff94187e000 	C:\Program Files\Java\jdk-21.0.3\bin\msvcp140.dll
0x00007ff93dbd0000 - 0x00007ff93e8dd000 	C:\Program Files\Java\jdk-21.0.3\bin\server\jvm.dll
0x00007ff9a0fa0000 - 0x00007ff9a1011000 	C:\WINDOWS\System32\WS2_32.dll
0x00007ff99fcd0000 - 0x00007ff99fd1d000 	C:\WINDOWS\SYSTEM32\POWRPROF.dll
0x00007ff99d0a0000 - 0x00007ff99d0d4000 	C:\WINDOWS\SYSTEM32\WINMM.dll
0x00007ff99fc90000 - 0x00007ff99fca3000 	C:\WINDOWS\SYSTEM32\UMPDC.dll
0x00007ff99f510000 - 0x00007ff99f528000 	C:\WINDOWS\SYSTEM32\kernel.appcore.dll
0x00007ff976ee0000 - 0x00007ff976eea000 	C:\Program Files\Java\jdk-21.0.3\bin\jimage.dll
0x00007ff997090000 - 0x00007ff9972c2000 	C:\WINDOWS\SYSTEM32\DBGHELP.DLL
0x00007ff9a2d50000 - 0x00007ff9a30d8000 	C:\WINDOWS\System32\combase.dll
0x00007ff9a1af0000 - 0x00007ff9a1bc7000 	C:\WINDOWS\System32\OLEAUT32.dll
0x00007ff97d9d0000 - 0x00007ff97da02000 	C:\WINDOWS\SYSTEM32\dbgcore.DLL
0x00007ff9a09c0000 - 0x00007ff9a0a3b000 	C:\WINDOWS\System32\bcryptPrimitives.dll
0x00007ff93d8c0000 - 0x00007ff93d8df000 	C:\Program Files\Java\jdk-21.0.3\bin\java.dll

dbghelp: loaded successfully - version: 4.0.5 - missing functions: none
symbol engine: initialized successfully - sym options: 0x614 - pdb path: .;C:\Program Files\Java\jdk-21.0.3\bin;C:\WINDOWS\SYSTEM32;C:\WINDOWS\WinSxS\amd64_microsoft.windows.common-controls_6595b64144ccf1df_6.0.22621.3672_none_2713b9d173822955;C:\Program Files\Java\jdk-21.0.3\bin\server

VM Arguments:
jvm_args: -XX:+UseG1GC -XX:MaxGCPauseMillis=200 -Xms16g -Xmx16g -Dfile.encoding=UTF-8 -Duser.country=DE -Duser.language=de -Duser.variant 
java_command: jacamo.infra.JaCaMoLauncher mas_schafherde.jcm
java_class_path (initial): E:\Entwicklung\Software\FaPra_MAS_SchaferHunde\build\classes\java\main;E:\Entwicklung\Software\FaPra_MAS_SchaferHunde\build\resources\main;E:\Entwicklung\Software\FaPra_MAS_SchaferHunde\lib\dstarlite.jar;C:\Users\User\.gradle\caches\modules-2\files-2.1\org.jacamo\jacamo\1.2\d07e72a418f95732440aeafd01d50ec30cb8a19f\jacamo-1.2.jar;C:\Users\User\.gradle\caches\modules-2\files-2.1\org.javatuples\javatuples\1.2\507312ac4b601204a72a83380badbca82683dd36\javatuples-1.2.jar;C:\Users\User\.gradle\caches\modules-2\files-2.1\org.apache.poi\poi-ooxml\5.2.5\df9f2c52371eeba24db8ea8cafa77285c3cc0742\poi-ooxml-5.2.5.jar;C:\Users\User\.gradle\caches\modules-2\files-2.1\org.apache.poi\poi\5.2.5\7e00f6b2f76375fe89022d5a7db8acb71cbd55f5\poi-5.2.5.jar;C:\Users\User\.gradle\caches\modules-2\files-2.1\org.apache.commons\commons-math3\3.6.1\e4ba98f1d4b3c80ec46392f25e094a6a2e58fcbf\commons-math3-3.6.1.jar;C:\Users\User\.gradle\caches\modules-2\files-2.1\org.jacamo\jacamo-rest\0.7\dbf6322b439c59884b0e2ad6bdf9eb466c1c595b\jacamo-rest-0.7.jar;C:\Users\User\.gradle\caches\modules-2\files-2.1\org.apache.ant\ant\1.10.5\4a48332c2df6f535d9dd9d904cd780ab26266e20\ant-1.10.5.jar;C:\Users\User\.gradle\caches\modules-2\files-2.1\guru.nidi\graphviz-java\0.7.0\f491761d6277e21963fc290777ce799262e03d78\graphviz-java-0.7.0.jar;C:\Users\User\.gradle\caches\modules-2\files-2.1\org.slf4j\slf4j-nop\1.7.30\55d4c73dd343efebd236abfeb367c9ef41d55063\slf4j-nop-1.7.30.jar;C:\Users\User\.gradle\caches\modules-2\files-2.1\io.vertx\vertx-sync\3.7.0\80eba3ba22f922261a1854d65a86d4101e8b6674\vertx-sync-3.7.0.jar;C:\Users\User\.gradle\caches\modules-2\files-2.1\io.vertx\vertx-unit\3.7.0\440a76052bca7b1b9967228c4991614ab4a30966\vertx-unit-3.7.0.jar;C:\Users\User\.gradle\caches\modules-2\files-2.1\io.vertx\vertx-web\3.7.0\cd8335ec1ca7b032631f0c2dfe571fb941ff38ed\vertx-web-3.7.0.jar;C:\Users\User\.gradle\caches\modules-2\files-2.1\io.vertx\vertx-web-client\3.7.0\76c89515a108e52600be1c9cb779f2119f6176c4\vertx-web-client-3.7.0.jar;C:\Users\User\.gradle\caches\modules-2\files-2.1\io.vertx\vertx-web-common\3.7.0\d3a7ac47a80179601a0ec40ba6103766758f6e10\vertx-web-common-3.7.0.jar;C:\Users\User\.gradle\caches\modules-2\files-2.1\io.vertx\vertx-auth-common\3.7.0\76c12caa061867f04a4521597a66a04e290d2815\vertx-auth-common-3.7.0.jar;C:\Users\User\.gradle\caches\modules-2\files-2.1\io.vertx\vertx-core\3.7.0\1acb279b3b87d07136e41cadb67d8805678d2e75\vertx-core-3.7.0.jar;C:\Users\User\.gradle\caches\modules-2\files-2.1\org.glassfish.jersey.media\jersey-media-json-jackson\2.29.1\e16c6b8d486604ac55a2b5f49b20e75564e7979b\jersey-media-json-jackson-2.29.1.jar;C:\Users\User\.gradle\caches\modules-2\files-2.1\com.fasterxml.jackson.module\jackson-module-jaxb-annotations\2.9.9\52fb643de81a60839750013a520f26b6259ddeff\jackson-module-jaxb-annotations-2.9.9.jar;C:\Users\User\.gradle\caches\modules-2\files-2.1\com.fasterxml.jackson.core\jackson-databind\2.9.9\d6eb9817d9c7289a91f043ac5ee02a6b3cc86238\jackson-databind-2.9.9.jar;C:\Users\User\.gradle\caches\modules-2\files-2.1\io.github.jason-lang\jason-interpreter\3.2.1\9700b9f1306b1d0dc91757a11bb1402c1e06413c\jason-interpreter-3.2.1.jar;C:\Users\User\.gradle\caches\modules-2\files-2.1\org.jacamo\cartago\3.1\318b737fb290f3a90956e6cc4d6193ec8df96fc7\cartago-3.1.jar;C:\Users\User\.gradle\caches\modules-2\files-2.1\org.jacamo\jaca\3.1\e06cf4b16ef59846e6ee8690af4a69116a1d3a8\jaca-3.1.jar;C:\Users\User\.gradle\caches\modules-2\files-2.1\org.jacamo\moise\1.0\f4f37f4bebe749740428e7a8534b2041b172dab2\moise-1.0.jar;C:\Users\User\.gradle\caches\modules-2\files-2.1\org.jacamo\npl\0.5\f2aa18d72760bbc4963f47feddc7456e99a01cf3\npl-0.5.jar;C:\Users\User\.gradle\caches\modules-2\files-2.1\org.jacamo\intmas\1.0.0\d2a9bff5c612157b1b9a4270c632d3e2a67e7fbb\intmas-1.0.0.jar;C:\Users\User\.gradle\caches\modules-2\files-2.1\org.jacamo\sai\0.5.3\706e350d863fb560b1542662c2dda046d758ef49\sai-0.5.3.jar;C:\Users\User\.gradle\caches\modules-2\files-2.1\org.antlr\antlr4\4.8\c5902f3079595a5e73dd6b008340a8197ee1aeda\antlr4-4.8.jar;C:\Users\User\.gradle\caches\modules-2\files-2.1\org.gradle\gradle-tooling-api\8.0.2\9632294b8d455f340939e9bc54c0c9da3db0b656\gradle-tooling-api-8.0.2.jar;C:\Users\User\.gradle\caches\modules-2\files-2.1\org.apache.poi\poi-ooxml-lite\5.2.5\eaa61452d8f0d13080fbb4757a392f09f90e4c49\poi-ooxml-lite-5.2.5.jar;C:\Users\User\.gradle\caches\modules-2\files-2.1\org.apache.xmlbeans\xmlbeans\5.2.0\6198ac997b3f234f2b5393fa415f78fac2e06510\xmlbeans-5.2.0.jar;C:\Users\User\.gradle\caches\modules-2\files-2.1\org.apache.commons\commons-compress\1.25.0\9d35aec423da6c8a7f93d7e9e1c6b1d9fe14bb5e\commons-compress-1.25.0.jar;C:\Users\User\.gradle\caches\modules-2\files-2.1\org.apache.xmlgraphics\batik-rasterizer\1.10\21784e4d91d22a6dbec11ae3d6867e316a3d4276\batik-rasterizer-1.10.jar;C:\Users\User\.gradle\caches\modules-2\files-2.1\org.apache.xmlgraphics\batik-svgrasterizer\1.10\df63334c6f242d77a67ebd5c140bc8c4f2b37126\batik-svgrasterizer-1.10.jar;C:\Users\User\.gradle\caches\modules-2\files-2.1\org.apache.xmlgraphics\batik-codec\1.10\c45741fdde905465a3c008aa7473b2a4a213c7c1\batik-codec-1.10.jar;C:\Users\User\.gradle\caches\modules-2\files-2.1\org.apache.xmlgraphics\batik-transcoder\1.10\66d3c8025f50c77834ff4bb09055278fe95070fa\batik-transcoder-1.10.jar;C:\Users\User\.gradle\caches\modules-2\files-2.1\org.apache.xmlgraphics\batik-bridge\1.10\53cdf9504d1eefe0ee3bcf616a882d5a2b93ffd4\batik-bridge-1.10.jar;C:\Users\User\.gradle\caches\modules-2\files-2.1\org.apache.xmlgraphics\batik-script\1.10\76c0790c695c9cec110163aef89f1de05c5d0a96\batik-script-1.10.jar;C:\Users\User\.gradle\caches\modules-2\files-2.1\org.apache.xmlgraphics\batik-anim\1.10\e301c476768a53a33ec473b265fbdceb45dce464\batik-anim-1.10.jar;C:\Users\User\.gradle\caches\modules-2\files-2.1\org.apache.xmlgraphics\batik-svg-dom\1.10\98b083931c3a9d3fa4b544ea927940689899eb5e\batik-svg-dom-1.10.jar;C:\Users\User\.gradle\caches\modules-2\files-2.1\org.apache.xmlgraphics\batik-parser\1.10\afe740ee774eb7f94a3f9ae056724dff0d84d7e1\batik-parser-1.10.jar;C:\Users\User\.gradle\caches\modules-2\files-2.1\org.apache.xmlgraphics\batik-gvt\1.10\7091974abb3f57141f29aa94d2fbf8a06d22f837\batik-gvt-1.10.jar;C:\Users\User\.gradle\caches\modules-2\files-2.1\org.apache.xmlgraphics\batik-svggen\1.10\1657ee1418304ade24a213e028d89a18e9dec13b\batik-svggen-1.10.jar;C:\Users\User\.gradle\caches\modules-2\files-2.1\org.apache.xmlgraphics\batik-awt-util\1.10\32712076ffee3eb533bc32f45f5c4b3f25b82749\batik-awt-util-1.10.jar;C:\Users\User\.gradle\caches\modules-2\files-2.1\org.apache.xmlgraphics\batik-dom\1.10\5f94e491f3b4653c834201dcb36fa7b2169a4af9\batik-dom-1.10.jar;C:\Users\User\.gradle\caches\modules-2\files-2.1\org.apache.xmlgraphics\batik-css\1.10\a1b95b2fc81d2089a089e2bb1c143b743cd0eb26\batik-css-1.10.jar;C:\Users\User\.gradle\caches\modules-2\files-2.1\org.apache.xmlgraphics\xmlgraphics-commons\2.3\f0b77d80c4d8f02538512b4d505af0cf5286eb7f\xmlgraphics-commons-2.3.jar;C:\Users\User\.gradle\caches\modules-2\files-2.1\commons-io\commons-io\2.15.0\5c3c2db10f6f797430a7f9c696b4d1273768c924\commons-io-2.15.0.jar;C:\Users\User\.gradle\caches\modules-2\files-2.1\com.github.virtuald\curvesapi\1.08\3d3d36568154059825089b289dcfca481fe44e2c\curvesapi-1.08.jar;C:\Users\User\.gradle\caches\modules-2\files-2.1\org.apache.logging.log4j\log4j-api\2.21.1\74c65e87b9ce1694a01524e192d7be989ba70486\log4j-api-2.21.1.jar;C:\Users\User\.gradle\caches\modules-2\files-2.1\org.apache.commons\commons-collections4\4.4\62ebe7544cb7164d87e0637a2a6a2bdc981395e8\commons-collections4-4.4.jar;C:\Users\User\.gradle\caches\modules-2\files-2.1\org.apache.ant\ant-launcher\1.10.5\e84c8cf7b0cbac5ef101cf56ff8d439fa77e36c2\ant-launcher-1.10.5.jar;C:\Users\User\.gradle\caches\modules-2\files-2.1\net.arnx\nashorn-promise\0.1.1\3bae6bc4b167e0866dfb29aa9ff09ba55c6f0a52\nashorn-promise-0.1.1.jar;C:\Users\User\.gradle\caches\modules-2\files-2.1\com.eclipsesource.j2v8\j2v8_macosx_x86_64\4.6.0\863d30016246f6d7356c88eaf36c3e924a2ffd3c\j2v8_macosx_x86_64-4.6.0.jar;C:\Users\User\.gradle\caches\modules-2\files-2.1\com.eclipsesource.j2v8\j2v8_linux_x86_64\4.6.0\e9714fbde87cf371071f6533824564e7499435fa\j2v8_linux_x86_64-4.6.0.jar;C:\Users\User\.gradle\caches\modules-2\files-2.1\com.eclipsesource.j2v8\j2v8_win32_x86_64\4.6.0\49e1cc812d34b6019d2cafc36c67cd599889b26b\j2v8_win32_x86_64-4.6.0.jar;C:\Users\User\.gradle\caches\modules-2\files-2.1\com.eclipsesource.j2v8\j2v8_win32_x86\4.6.0\6b3844b935145691edfb2c674371c783df0804ab\j2v8_win32_x86-4.6.0.jar;C:\Users\User\.gradle\caches\modules-2\files-2.1\org.apache.commons\commons-exec\1.3\8dfb9facd0830a27b1b5f29f84593f0aeee7773b\commons-exec-1.3.jar;C:\Users\User\.gradle\caches\modules-2\files-2.1\com.google.code.findbugs\jsr305\3.0.2\25ea2e8b0c338a877313bd4672d3fe056ea78f0d\jsr305-3.0.2.jar;C:\Users\User\.gradle\caches\modules-2\files-2.1\org.slf4j\jcl-over-slf4j\1.7.25\f8c32b13ff142a513eeb5b6330b1588dcb2c0461\jcl-over-slf4j-1.7.25.jar;C:\Users\User\.gradle\caches\modules-2\files-2.1\org.slf4j\jul-to-slf4j\1.7.25\af5364cd6679bfffb114f0dec8a157aaa283b76\jul-to-slf4j-1.7.25.jar;C:\Users\User\.gradle\caches\modules-2\files-2.1\org.slf4j\slf4j-api\1.7.30\b5a4b6d16ab13e34a88fae84c35cd5d68cac922c\slf4j-api-1.7.30.jar;C:\Users\User\.gradle\caches\modules-2\files-2.1\io.netty\netty-codec-http2\4.1.30.Final\2da92f518409904954d3e8dcc42eb6a562a70302\netty-codec-http2-4.1.30.Final.jar;C:\Users\User\.gradle\caches\modules-2\files-2.1\io.netty\netty-handler\4.1.30.Final\ecc076332ed103411347f4806a44ee32d9d9cb5f\netty-handler-4.1.30.Final.jar;C:\Users\User\.gradle\caches\modules-2\files-2.1\io.netty\netty-handler-proxy\4.1.30.Final\1baa1568fa936caddca0fae96fdf127fd5cbad16\netty-handler-proxy-4.1.30.Final.jar;C:\Users\User\.gradle\caches\modules-2\files-2.1\io.netty\netty-resolver-dns\4.1.30.Final\3f4bcf2e9fff1361ac9ad0bd27a10a1b31399294\netty-resolver-dns-4.1.30.Final.jar;C:\Users\User\.gradle\caches\modules-2\files-2.1\io.netty\netty-codec-http\4.1.30.Final\1384c630e8a0eeef33ad12a28791dce6e1d8767c\netty-codec-http-4.1.30.Final.jar;C:\Users\User\.gradle\caches\modules-2\files-2.1\io.netty\netty-codec-socks\4.1.30.Final\ea272e3bb281d3a91d27278f47e61b4de285cc27\netty-codec-socks-4.1.30.Final.jar;C:\Users\User\.gradle\caches\modules-2\files-2.1\io.netty\netty-codec-dns\4.1.30.Final\7d28ce324f6cd5ae4ddd7f3e5027e2a7f126740b\netty-codec-dns-4.1.30.Final.jar;C:\Users\User\.gradle\caches\modules-2\files-2.1\io.netty\netty-codec\4.1.30.Final\515c8f609aaca28a94f984d89a9667dd3359c1b1\netty-codec-4.1.30.Final.jar;C:\Users\User\.gradle\caches\modules-2\files-2.1\io.netty\netty-transport\4.1.30.Final\3d27bb432a3b125167ac161b26415ad29ec17f02\netty-transport-4.1.30.Final.jar;C:\Users\User\.gradle\caches\modules-2\files-2.1\io.netty\netty-buffer\4.1.30.Final\597adb653306470fb3ec1af3c0f3f30a37b1310a\netty-buffer-4.1.30.Final.jar;C:\Users\User\.gradle\caches\modules-2\files-2.1\io.netty\netty-resolver\4.1.30.Final\5106fd687066ffd712e5295d32af4e2ac6482613\netty-resolver-4.1.30.Final.jar;C:\Users\User\.gradle\caches\modules-2\files-2.1\io.netty\netty-common\4.1.30.Final\5dca0c34d8f38af51a2398614e81888f51cf811a\netty-common-4.1.30.Final.jar;C:\Users\User\.gradle\caches\modules-2\files-2.1\com.fasterxml.jackson.core\jackson-core\2.9.9\bfff5af9fb8347d26bbb7959cb9b4fe9a2b0ca5e\jackson-core-2.9.9.jar;C:\Users\User\.gradle\caches\modules-2\files-2.1\co.paralleluniverse\quasar-core\0.7.10\3916162ad638c8a6cb8f3588a9f080dc792bc052\quasar-core-0.7.10-jdk8.jar;C:\Users\User\.gradle\caches\modules-2\files-2.1\com.google.guava\guava\20.0\89507701249388e1ed5ddcf8c41f4ce1be7831ef\guava-20.0.jar;C:\Users\User\.gradle\caches\modules-2\files-2.1\io.vertx\vertx-bridge-common\3.7.0\36ff7bf7800e14de787fee5b13c36628ddc1716e\vertx-bridge-common-3.7.0.jar;C:\Users\User\.gradle\caches\modules-2\files-2.1\com.fasterxml.jackson.core\jackson-annotations\2.9.9\2ea299c145207161c212e28abbc8f513fa245940\jackson-annotations-2.9.9.jar;C:\Users\User\.gradle\caches\modules-2\files-2.1\net.sf.ingenias\jade\4.3\2cf02ba26058230c72da969100a3c2e2e7f06628\jade-4.3.jar;C:\Users\User\.gradle\caches\modules-2\files-2.1\javax.json\javax.json-api\1.1.4\c8efa3cfaeee2b05c2dfd54cba21548a081b1746\javax.json-api-1.1.4.jar;C:\Users\User\.gradle\caches\modules-2\files-2.1\org.glassfish\javax.json\1.1.4\943f240a509d3c70b448a55c6735591ecbd37c88\javax.json-1.1.4.jar;C:\Users\User\.gradle\caches\modules-2\files-2.1\org.antlr\antlr4-runtime\4.8\7fe453b678b71c87c6677cef26f6b0cd96b26586\antlr4-runtime-4.8.jar;C:\Users\User\.gradle\caches\modules-2\files-2.1\org.antlr\ST4\4.3\92f2c1ad8d84abcbeead6cf7f2c53a04166293c2\ST4-4.3.jar;C:\Users\User\.gradle\caches\modules-2\files-2.1\org.antlr\antlr-runtime\3.5.2\cd9cd41361c155f3af0f653009dcecb08d8b4afd\antlr-runtime-3.5.2.jar;C:\Users\User\.gradle\caches\modules-2\files-2.1\org.abego.treelayout\org.abego.treelayout.core\1.0.3\457216e8e6578099ae63667bb1e4439235892028\org.abego.treelayout.core-1.0.3.jar;C:\Users\User\.gradle\caches\modules-2\files-2.1\com.ibm.icu\icu4j\61.1\28d33b5e44e72edcc66a5da7a34a42147f38d987\icu4j-61.1.jar;C:\Users\User\.gradle\caches\modules-2\files-2.1\javax.xml.bind\jaxb-api\2.3.1\8531ad5ac454cc2deb9d4d32c40c4d7451939b5d\jaxb-api-2.3.1.jar;C:\Users\User\.gradle\caches\modules-2\files-2.1\com.sun.xml.bind\jaxb-core\2.3.0.1\23574ca124d0a694721ce3ef13cd720095f18fdd\jaxb-core-2.3.0.1.jar;C:\Users\User\.gradle\caches\modules-2\files-2.1\com.sun.xml.bind\jaxb-impl\2.3.1\a1a12b85ba1435b4189e065f7dafcc3fb9410d38\jaxb-impl-2.3.1.jar;C:\Users\User\.gradle\caches\modules-2\files-2.1\org.glassfish.jersey.containers\jersey-container-servlet\2.29.1\e04bec5a21eb88f098b6eb90d418df43d21bab15\jersey-container-servlet-2.29.1.jar;C:\Users\User\.gradle\caches\modules-2\files-2.1\org.glassfish.jersey.containers\jersey-container-servlet-core\2.29.1\374a2d5702b46d0c14c6e1ecfa1486d5d76bc947\jersey-container-servlet-core-2.29.1.jar;C:\Users\User\.gradle\caches\modules-2\files-2.1\org.glassfish.jersey.inject\jersey-hk2\2.29.1\54b316e9f91ac9de1e6900aeb63457505862a296\jersey-hk2-2.29.1.jar;C:\Users\User\.gradle\caches\modules-2\files-2.1\org.glassfish.jersey\jersey-bom\2.29.1\51599b9827834646d358b92befa59a1cc21f9314\jersey-bom-2.29.1.pom;C:\Users\User\.gradle\caches\modules-2\files-2.1\org.glassfish.jersey.containers\jersey-container-grizzly2-http\2.29.1\5b70b50891d48f6ee3dcf77d15f729ec900ab035\jersey-container-grizzly2-http-2.29.1.jar;C:\Users\User\.gradle\caches\modules-2\files-2.1\org.glassfish.jersey.core\jersey-server\2.29.1\edeaa59abad953156a4ed83199780d66ce7998c0\jersey-server-2.29.1.jar;C:\Users\User\.gradle\caches\modules-2\files-2.1\org.glassfish.jersey.core\jersey-client\2.29.1\1635f245b7e9eecf8d3d753fba87f3b79aef1b34\jersey-client-2.29.1.jar;C:\Users\User\.gradle\caches\modules-2\files-2.1\org.glassfish.jersey.media\jersey-media-multipart\2.29.1\de81eade6cddbb1438273237b4e52da451df8bca\jersey-media-multipart-2.29.1.jar;C:\Users\User\.gradle\caches\modules-2\files-2.1\org.glassfish.grizzly\grizzly-http-server\2.4.4\f9a62c711eb51f351cc5ba48faf44d5a49faa0a7\grizzly-http-server-2.4.4.jar;C:\Users\User\.gradle\caches\modules-2\files-2.1\com.google.code.gson\gson\2.8.5\f645ed69d595b24d4cf8b3fbb64cc505bede8829\gson-2.8.5.jar;C:\Users\User\.gradle\caches\modules-2\files-2.1\io.swagger\swagger-annotations\1.6.5\61cb59e697ba7d38373063afde95507ab55de72\swagger-annotations-1.6.5.jar;C:\Users\User\.gradle\caches\modules-2\files-2.1\commons-codec\commons-codec\1.16.0\4e3eb3d79888d76b54e28b350915b5dc3919c9de\commons-codec-1.16.0.jar;C:\Users\User\.gradle\caches\modules-2\files-2.1\com.zaxxer\SparseBitSet\1.3\533eac055afe3d5f614ea95e333afd6c2bde8f26\SparseBitSet-1.3.jar;C:\Users\User\.gradle\caches\modules-2\files-2.1\org.apache.xmlgraphics\batik-xml\1.10\601a184d2e363e0900eeec3617e62a3162a6fe37\batik-xml-1.10.jar;C:\Users\User\.gradle\caches\modules-2\files-2.1\org.apache.xmlgraphics\batik-util\1.10\f40a4624616047c86f4bc80c985426afff964975\batik-util-1.10.jar;C:\Users\User\.gradle\caches\modules-2\files-2.1\com.esotericsoftware\kryo\4.0.0\9f5c64c1315ec79bee0f56bb88e4ae94b65048ce\kryo-4.0.0.jar;C:\Users\User\.gradle\caches\modules-2\files-2.1\de.javakaffee\kryo-serializers\0.42\2f541b01c7a67f688ab6fde619cd66ce1c2cde56\kryo-serializers-0.42.jar;C:\Users\User\.gradle\caches\modules-2\files-2.1\javax.activation\javax.activation-api\1.2.0\85262acf3ca9816f9537ca47d5adeabaead7cb16\javax.activation-api-1.2.0.jar;C:\Users\User\.gradle\caches\modules-2\files-2.1\org.glassfish.jersey.media\jersey-media-jaxb\2.29.1\53f22b94254ff781667b3313acbb3afebfd091b5\jersey-media-jaxb-2.29.1.jar;C:\Users\User\.gradle\caches\modules-2\files-2.1\org.glassfish.jersey.core\jersey-common\2.29.1\ea60b9ace56f1ae758c2eebbb48e8387d959102f\jersey-common-2.29.1.jar;C:\Users\User\.gradle\caches\modules-2\files-2.1\org.glassfish.jersey.ext\jersey-entity-filtering\2.29.1\e68a310e03fcd97f245854e7f59b2e9668c5c146\jersey-entity-filtering-2.29.1.jar;C:\Users\User\.gradle\caches\modules-2\files-2.1\jakarta.ws.rs\jakarta.ws.rs-api\2.1.6\1dcb770bce80a490dff49729b99c7a60e9ecb122\jakarta.ws.rs-api-2.1.6.jar;C:\Users\User\.gradle\caches\modules-2\files-2.1\org.glassfish.hk2\hk2-locator\2.6.1\9dedf9d2022e38ec0743ed44c1ac94ad6149acdd\hk2-locator-2.6.1.jar;C:\Users\User\.gradle\caches\modules-2\files-2.1\org.glassfish.hk2\hk2-api\2.6.1\114bd7afb4a1bd9993527f52a08a252b5d2acac5\hk2-api-2.6.1.jar;C:\Users\User\.gradle\caches\modules-2\files-2.1\org.glassfish.hk2\hk2-utils\2.6.1\396513aa96c1d5a10aa4f75c4dcbf259a698d62d\hk2-utils-2.6.1.jar;C:\Users\User\.gradle\caches\modules-2\files-2.1\org.glassfish.hk2.external\jakarta.inject\2.6.1\8096ebf722902e75fbd4f532a751e514f02e1eb7\jakarta.inject-2.6.1.jar;C:\Users\User\.gradle\caches\modules-2\files-2.1\jakarta.annotation\jakarta.annotation-api\1.3.5\59eb84ee0d616332ff44aba065f3888cf002cd2d\jakarta.annotation-api-1.3.5.jar;C:\Users\User\.gradle\caches\modules-2\files-2.1\jakarta.validation\jakarta.validation-api\2.0.2\5eacc6522521f7eacb081f95cee1e231648461e7\jakarta.validation-api-2.0.2.jar;C:\Users\User\.gradle\caches\modules-2\files-2.1\org.jvnet.mimepull\mimepull\1.9.11\d1cd7921d4c6c77938cefbb16d4f646c74278718\mimepull-1.9.11.jar;C:\Users\User\.gradle\caches\modules-2\files-2.1\org.glassfish.grizzly\grizzly-http\2.4.4\c789d449906458d4174126f6a4fefdd7a6008777\grizzly-http-2.4.4.jar;C:\Users\User\.gradle\caches\modules-2\files-2.1\xml-apis\xml-apis-ext\1.3.04\41a8b86b358e87f3f13cf46069721719105aff66\xml-apis-ext-1.3.04.jar;C:\Users\User\.gradle\caches\modules-2\files-2.1\org.apache.xmlgraphics\batik-constants\1.10\53079777c80f005c10cc4837e9d3c90ad890f1a1\batik-constants-1.10.jar;C:\Users\User\.gradle\caches\modules-2\files-2.1\org.apache.xmlgraphics\batik-i18n\1.10\14923525d8c01b3cbfa9d340c0d2bf315a85b3f0\batik-i18n-1.10.jar;C:\Users\User\.gradle\caches\modules-2\files-2.1\com.esotericsoftware\reflectasm\1.11.3\8b102eed2f12412b254946811111ea48bc03a266\reflectasm-1.11.3.jar;C:\Users\User\.gradle\caches\modules-2\files-2.1\com.esotericsoftware\minlog\1.3.0\ff07b5f1b01d2f92bb00a337f9a94873712f0827\minlog-1.3.0.jar;C:\Users\User\.gradle\caches\modules-2\files-2.1\org.objenesis\objenesis\2.2\3fb533efdaa50a768c394aa4624144cf8df17845\objenesis-2.2.jar;C:\Users\User\.gradle\caches\modules-2\files-2.1\org.glassfish.hk2\osgi-resource-locator\1.0.3\de3b21279df7e755e38275137539be5e2c80dd58\osgi-resource-locator-1.0.3.jar;C:\Users\User\.gradle\caches\modules-2\files-2.1\org.glassfish.hk2.external\aopalliance-repackaged\2.6.1\b2eb0a83bcbb44cc5d25f8b18f23be116313a638\aopalliance-repackaged-2.6.1.jar;C:\Users\User\.gradle\caches\modules-2\files-2.1\org.javassist\javassist\3.22.0-CR2\44eaf0990dea92f4bca4b9931b2239c0e8756ee7\javassist-3.22.0-CR2.jar;C:\Users\User\.gradle\caches\modules-2\files-2.1\org.glassfish.grizzly\grizzly-framework\2.4.4\85ff29df39616972a074737948f116ef25addfee\grizzly-framework-2.4.4.jar;C:\Users\User\.gradle\caches\modules-2\files-2.1\commons-logging\commons-logging\1.0.4\f029a2aefe2b3e1517573c580f948caac31b1056\commons-logging-1.0.4.jar;C:\Users\User\.gradle\caches\modules-2\files-2.1\org.apache.xmlgraphics\batik-ext\1.10\23a27a446965644ff5593dab2003221936ca2499\batik-ext-1.10.jar;C:\Users\User\.gradle\caches\modules-2\files-2.1\xalan\xalan\2.7.2\d55d3f02a56ec4c25695fe67e1334ff8c2ecea23\xalan-2.7.2.jar;C:\Users\User\.gradle\caches\modules-2\files-2.1\xalan\serializer\2.7.2\24247f3bb052ee068971393bdb83e04512bb1c3c\serializer-2.7.2.jar;C:\Users\User\.gradle\caches\modules-2\files-2.1\xml-apis\xml-apis\1.3.04\90b215f48fe42776c8c7f6e3509ec54e84fd65ef\xml-apis-1.3.04.jar
Launcher Type: SUN_STANDARD

[Global flags]
     intx CICompilerCount                          = 4                                         {product} {ergonomic}
     uint ConcGCThreads                            = 3                                         {product} {ergonomic}
     uint G1ConcRefinementThreads                  = 10                                        {product} {ergonomic}
   size_t G1HeapRegionSize                         = 8388608                                   {product} {ergonomic}
    uintx GCDrainStackTargetSize                   = 64                                        {product} {ergonomic}
   size_t InitialHeapSize                          = 17179869184                               {product} {command line}
   size_t MarkStackSize                            = 4194304                                   {product} {ergonomic}
    uintx MaxGCPauseMillis                         = 200                                       {product} {command line}
   size_t MaxHeapSize                              = 17179869184                               {product} {command line}
   size_t MinHeapDeltaBytes                        = 8388608                                   {product} {ergonomic}
   size_t MinHeapSize                              = 17179869184                               {product} {command line}
    uintx NonNMethodCodeHeapSize                   = 5839372                                {pd product} {ergonomic}
    uintx NonProfiledCodeHeapSize                  = 122909434                              {pd product} {ergonomic}
    uintx ProfiledCodeHeapSize                     = 122909434                              {pd product} {ergonomic}
    uintx ReservedCodeCacheSize                    = 251658240                              {pd product} {ergonomic}
     bool SegmentedCodeCache                       = true                                      {product} {ergonomic}
   size_t SoftMaxHeapSize                          = 17179869184                            {manageable} {ergonomic}
     bool UseCompressedOops                        = true                           {product lp64_product} {ergonomic}
     bool UseG1GC                                  = true                                      {product} {command line}
     bool UseLargePagesIndividualAllocation        = false                                  {pd product} {ergonomic}

Logging:
Log output configuration:
 #0: stdout all=warning uptime,level,tags foldmultilines=false
 #1: stderr all=off uptime,level,tags foldmultilines=false

Environment Variables:
JAVA_HOME=C:\Program Files\Java\jdk-21.0.3
CLASSPATH=E:\Entwicklung\Software\FaPra_MAS_SchaferHunde\\gradle\wrapper\gradle-wrapper.jar
PATH=C:\Program Files\PowerShell\7;C:\WINDOWS\system32;C:\WINDOWS;C:\WINDOWS\System32\Wbem;C:\WINDOWS\System32\WindowsPowerShell\v1.0\;C:\WINDOWS\System32\OpenSSH\;C:\Program Files\Microsoft SQL Server\150\Tools\Binn\;C:\Program Files\Microsoft SQL Server\130\Tools\Binn\;C:\Program Files\Microsoft SQL Server\Client SDK\ODBC\170\Tools\Binn\;C:\Program Files\dotnet\;C:\Program Files\Java\jdk-21.0.3\bin;C:\Program Files\Java\scripts;E:\Programme\Visual Studio 2022\VC\Tools\MSVC\14.38.33130\bin\Hostx64\x64;C:\Program Files (x86)\Windows Kits\10\Windows Performance Toolkit\;C:\Users\J\AppData\Roaming\nvm;C:\Program Files\nodejs;E:\Programme\;C:\Program Files\PowerShell\7\;C:\Users\User\AppData\Local\Microsoft\WindowsApps;C:\Users\User\AppData\Local\Programs\Microsoft VS Code\bin;C:\Users\User\AppData\Local\Programs\Git\cmd;C:\Users\User\AppData\Local\GitHubDesktop\bin;
USERNAME=User
LANG=en_US.UTF-8
OS=Windows_NT
PROCESSOR_IDENTIFIER=Intel64 Family 6 Model 151 Stepping 5, GenuineIntel
TMP=C:\Users\User\AppData\Local\Temp
TEMP=C:\Users\User\AppData\Local\Temp




Periodic native trim disabled

---------------  S Y S T E M  ---------------

OS:
 Windows 11 , 64 bit Build 22621 (10.0.22621.3672)
OS uptime: 0 days 1:36 hours
Hyper-V role detected

CPU: total 12 (initial active 12) (6 cores per cpu, 2 threads per core) family 6 model 151 stepping 5 microcode 0x18, cx8, cmov, fxsr, ht, mmx, 3dnowpref, sse, sse2, sse3, ssse3, sse4.1, sse4.2, popcnt, lzcnt, tsc, tscinvbit, avx, avx2, aes, erms, clmul, bmi1, bmi2, adx, sha, fma, vzeroupper, clflush, clflushopt, clwb, hv, serialize, rdtscp, rdpid, fsrm, f16c, cet_ibt, cet_ss
Processor Information for all 12 processors :
  Max Mhz: 2500, Current Mhz: 2500, Mhz Limit: 2500

Memory: 4k page, system-wide physical 16225M (8086M free)
TotalPageFile size 30025M (AvailPageFile size 16387M)
current process WorkingSet (physical memory assigned to process): 12M, peak: 12M
current process commit charge ("private bytes"): 65M, peak: 16449M

vm_info: Java HotSpot(TM) 64-Bit Server VM (21.0.3+7-LTS-152) for windows-amd64 JRE (21.0.3+7-LTS-152), built on 2024-03-11T17:42:26Z by "mach5one" with MS VC++ 17.6 (VS2022)

END.
